01-11-2001  10:38:25       <DIR>          tmp
02-29-2000  03:01:45       <DIR>          1998-100
12-24-2000  21:44:06                 1172 mirrors.html
02-29-2000  03:01:47       <DIR>          1999-275
05-08-2000  07:25:16                  933 1999-275.html
05-08-2000  07:27:06                  322 1998-401.html
02-29-2000  03:01:47       <DIR>          1998-401
02-29-2000  03:01:45       <DIR>          1997-275
05-08-2000  07:28:25                  277 1998-515.html
05-08-2000  07:36:43                  325 2000-436.html
12-23-2000  07:47:11       <DIR>          checkpwd
07-04-2002  19:47:46       <DIR>          bib
02-29-2000  03:01:47       <DIR>          1999-541
04-28-2001  05:02:35       <DIR>          2001-260
04-17-2002  20:27:55       <DIR>          2002-501
06-01-2001  22:56:17       <DIR>          1995-514
02-29-2000  03:01:45       <DIR>          1999-180
06-01-2001  04:44:23                  475 2000-515.html
02-29-2000  03:01:47       <DIR>          1998-515
02-29-2000  03:01:47       <DIR>          2000-515
05-12-2000  09:46:13       <DIR>          zpfft
10-27-2001  15:00:14       <DIR>          psibound
02-29-2000  03:01:51                  398 anonftpd.html
02-26-2002  03:34:22       <DIR>          nistp224
08-10-2001  09:27:20       <DIR>          cdb
05-01-2002  01:58:27       <DIR>          talks
12-23-2000  22:34:35       <DIR>          ftpparse
01-11-2000  06:50:10       <DIR>          clockspeed
02-29-2000  03:01:52                 1350 clockspeed.html
02-06-2002  21:52:34       <DIR>          slashdoc
06-07-2002  18:00:40       <DIR>          export
07-17-2001  03:48:36       <DIR>          daemontools
07-12-2001  23:17:08                 2187 daemontools.html
08-30-2001  22:51:16                  175 data.html
12-28-2001  02:32:37                 1901 crypto.html
11-11-2001  00:45:23                  739 arith.html
11-30-2001  04:48:09                 2733 cdb.html
11-11-2001  00:51:02                  344 floatasm.html
12-21-2000  22:25:56       <DIR>          djbfft
02-29-2000  03:01:52                 1319 djbfft.html
07-09-2000  19:16:47       <DIR>          dnscache
07-04-2000  00:57:44                 4016 dnscache.html
07-10-2001  05:16:22       <DIR>          docs
02-29-2000  03:01:52                  293 docs.html
02-29-2000  03:01:52                  952 dot-forward.html
01-11-2000  06:50:11       <DIR>          etc-mta
02-29-2000  03:01:52                 3174 etc-mta.html
02-29-2000  03:01:52                 2990 ezmlm.html
12-21-2000  22:25:56       <DIR>          ftp
02-29-2000  03:01:49       <DIR>          im
02-29-2000  03:01:52                 1823 fastforward.html
02-29-2000  03:01:52                 1707 ftp.html
02-12-2001  03:17:10       <DIR>          freebugtraq
06-02-2002  03:39:25       <DIR>          hardware
06-01-2001  04:57:35                  610 1995-514.html
12-21-2000  22:25:57       <DIR>          hash127
05-19-2000  04:29:02                 4835 hash127.html
02-29-2000  03:01:52                 1515 im.html
02-12-2002  21:40:06       <DIR>          immhf
04-25-2001  23:48:49                 2902 immhf.html
01-25-2001  06:58:36       <DIR>          lib
06-06-2001  01:45:50       <DIR>          libtai
07-10-2000  20:54:16                 2120 libtai.html
11-27-2001  18:52:40                14460 qmail.html
08-30-2001  22:51:23                 2153 mail.html
02-29-2000  03:01:52                  108 maildir.html
02-29-2000  03:01:50       <DIR>          maildisasters
02-29-2000  03:01:52                  873 maildisasters.html
02-29-2000  03:01:52                 1688 mess822.html
02-25-2002  03:47:27       <DIR>          mirror
12-26-2001  22:02:32                  581 ntheory.html
06-03-2002  17:36:27       <DIR>          papers
05-21-2002  18:50:15       <DIR>          postpropter
01-11-2000  06:50:12       <DIR>          postings
01-11-2000  06:50:12       <DIR>          primegen
08-30-2001  22:51:33                  415 precompiled.html
02-29-2000  03:01:52                 1121 primegen.html
05-05-2002  03:37:55       <DIR>          proto
02-29-2000  03:01:52                  452 proto.html
07-10-2001  00:17:53       <DIR>          publicfile
11-30-2001  04:59:17                 5651 publicfile.html
08-30-2001  22:51:37                  409 qlist.html
04-02-2002  06:25:45       <DIR>          qmail
02-02-2002  06:52:28                 7549 lists.html
02-29-2000  03:01:52                 1166 qmailanalog.html
08-30-2001  22:51:39                 1434 qmsmac.html
03-13-2000  06:38:06                  465 rblsmtpd.html
02-29-2000  03:01:52                 1225 rights.html
01-11-2000  06:50:13       <DIR>          sarcasm
09-14-2001  04:34:14                 1058 unix.html
02-29-2000  03:01:53                 1568 serialmail.html
10-02-2000  21:13:44                  840 sigs.html
05-21-2002  18:50:08       <DIR>          smtp
04-26-2001  17:58:47                 1723 smtp.html
12-21-2000  22:26:03       <DIR>          software
02-29-2000  03:01:53                 3671 softwarelaw.html
01-11-2000  06:50:13       <DIR>          sortedsums
02-29-2000  03:01:53                 2735 sortedsums.html
02-26-2002  03:06:38       <DIR>          speed
07-04-2000  00:40:17                  572 surveydns.html
10-04-2001  02:59:31       <DIR>          surveys
10-04-2001  02:46:36                 3503 surveys.html
11-10-2000  06:58:08       <DIR>          syncookies
02-01-2002  03:03:37                 7918 syncookies.html
08-30-2001  22:51:43                 1115 tcpcontrol.html
03-18-2002  13:08:27                  589 tcpip.html
02-29-2000  03:01:53                  906 thoughts.html
07-30-2001  16:18:09       <DIR>          threecubes
09-14-2001  03:25:58                  525 time.html
05-22-2002  06:21:05       <DIR>          ucspi-tcp
01-25-2002  00:41:31                 4086 ucspi-tcp.html
08-30-2001  22:51:50                  732 web.html
07-04-2002  19:47:48       <DIR>          www
09-14-2001  03:26:08                 2717 y2k.html
02-08-2001  10:28:09       <DIR>          dnsroot
04-23-2001  08:01:37                 2745 2001-260.html
02-29-2000  03:01:53                  291 zeroseek.html
02-29-2000  03:01:53       <DIR>          zmodexp
05-19-2000  04:29:07                 1513 zmodexp.html
08-01-2000  03:08:54       <DIR>          zmult
08-01-2000  03:24:53                  669 zmult.html
12-23-2000  07:19:47                 1097 checkpwd.html
12-31-2001  19:47:16                 2077 focus.html
07-20-2000  01:11:31                 3842 im2000.html
07-04-2002  19:47:43       <DIR>          slashcommand
07-04-2002  19:47:44       <DIR>          slashpackage
07-16-2001  00:24:39                  602 slashpackage.html
05-03-2002  02:15:33                23874 talks.html
05-08-2000  07:24:59                  566 1997-275.html
05-08-2000  07:31:04                  313 1998-100.html
02-29-2000  03:01:47       <DIR>          2000-436
05-08-2000  07:37:26                  660 1997-494.html
05-08-2000  07:40:41                  730 1999-541.html
09-13-2000  09:08:58                 2367 psibound.html
06-22-2000  04:09:00                 1866 smallfactors.html
06-09-2000  03:35:19       <DIR>          smallfactors
07-02-2000  00:55:19       <DIR>          conferences
05-22-2002  07:52:29       <DIR>          djbdns
07-17-2001  06:00:58                 2712 djbdns.html
07-17-2000  03:15:39                  216 zpfft.html
08-20-2000  20:56:37       <DIR>          fastnewton
08-20-2000  20:57:31                  333 fastnewton.html
09-01-2000  20:33:51       <DIR>          patents
12-23-2000  22:40:17                 1748 ftpparse.html
11-11-2001  00:57:50                 3261 slash.html
01-17-2001  18:50:10                 2663 slashdoc.html
03-18-2002  10:04:35                 2344 dnsroot.html
12-26-2001  22:03:00                 3238 software.html
09-14-2001  04:34:33                 3481 compatibility.html
05-01-2002  05:30:34                 5525 distributors.html
02-25-2001  04:49:03                  212 freebugtraq.html
03-31-2002  04:59:50                  806 hardware.html
03-31-2001  08:15:18                  121 securesoftware.html
05-22-2002  04:39:56                10950 conferences.html
11-30-2001  18:51:50       <DIR>          2001-275
05-29-2001  02:15:07                  459 rwb100.html
10-03-2001  07:40:42                  863 nistp224.html
07-30-2001  16:15:46                  778 threecubes.html
06-03-2002  17:32:16                27125 papers.html
11-21-2001  03:51:09                  379 bib.html
11-30-2001  18:41:33                 3791 2001-275.html
10-02-2001  20:08:59                  169 dh224.html
03-16-2002  07:05:36                 1126 courses.html
09-03-2001  00:22:28                  355 slashcommand.html
03-27-2002  22:20:22                 1199 patents.html
11-08-2001  20:27:15                  640 mailcopyright.html
06-02-2002  01:27:50                 1257 djb.html
01-07-2002  07:12:34                  301 2002-501.html
05-01-2002  04:41:45                 1655 export.html
03-24-2002  11:40:59                 6446 index.html
03-16-2002  07:09:08                  570 2005-590.html
03-16-2002  07:05:49                  800 2004-494.html
06-02-2002  01:28:59                 4459 positions.html
06-02-2002  00:55:31                  466 contact.html
