/* GENERATED BY imacro_asm.js from ../imacros.jsasm -- DO NOT EDIT!!! */
static struct {
    jsbytecode any_obj[36];
    jsbytecode obj_any[38];
    jsbytecode obj_obj[72];
} binary_imacros = {
    {
/* 0*/  JSOP_DUP,
/* 1*/  JSOP_DUP,
/* 2*/  JSOP_GETPROP, 0, COMMON_ATOM_INDEX(valueOf),
/* 5*/  JSOP_IFPRIMTOP, 0, 16,
/* 8*/  JSOP_SWAP,
/* 9*/  JSOP_STRING, 0, COMMON_TYPE_ATOM_INDEX(JSTYPE_NUMBER),
/*12*/  JSOP_CALL, 0, 1,
/*15*/  JSOP_IFPRIMTOP, 0, 17,
/*18*/  JSOP_GOTO, 0, 4,
/*21*/  JSOP_POP,
/*22*/  JSOP_POP,
/*23*/  JSOP_CALLPROP, 0, COMMON_ATOM_INDEX(toString),
/*26*/  JSOP_CALL, 0, 0,
/*29*/  JSOP_GOTO, 0, 5,
/*32*/  JSOP_SWAP,
/*33*/  JSOP_POP,
/*34*/  JSOP_IMACOP,
/*35*/  JSOP_STOP,
    },
    {
/* 0*/  JSOP_SWAP,
/* 1*/  JSOP_DUP,
/* 2*/  JSOP_DUP,
/* 3*/  JSOP_GETPROP, 0, COMMON_ATOM_INDEX(valueOf),
/* 6*/  JSOP_IFPRIMTOP, 0, 16,
/* 9*/  JSOP_SWAP,
/*10*/  JSOP_STRING, 0, COMMON_TYPE_ATOM_INDEX(JSTYPE_NUMBER),
/*13*/  JSOP_CALL, 0, 1,
/*16*/  JSOP_IFPRIMTOP, 0, 17,
/*19*/  JSOP_GOTO, 0, 4,
/*22*/  JSOP_POP,
/*23*/  JSOP_POP,
/*24*/  JSOP_CALLPROP, 0, COMMON_ATOM_INDEX(toString),
/*27*/  JSOP_CALL, 0, 0,
/*30*/  JSOP_GOTO, 0, 5,
/*33*/  JSOP_SWAP,
/*34*/  JSOP_POP,
/*35*/  JSOP_SWAP,
/*36*/  JSOP_IMACOP,
/*37*/  JSOP_STOP,
    },
    {
/* 0*/  JSOP_SWAP,
/* 1*/  JSOP_DUP,
/* 2*/  JSOP_DUP,
/* 3*/  JSOP_GETPROP, 0, COMMON_ATOM_INDEX(valueOf),
/* 6*/  JSOP_IFPRIMTOP, 0, 16,
/* 9*/  JSOP_SWAP,
/*10*/  JSOP_STRING, 0, COMMON_TYPE_ATOM_INDEX(JSTYPE_NUMBER),
/*13*/  JSOP_CALL, 0, 1,
/*16*/  JSOP_IFPRIMTOP, 0, 17,
/*19*/  JSOP_GOTO, 0, 4,
/*22*/  JSOP_POP,
/*23*/  JSOP_POP,
/*24*/  JSOP_CALLPROP, 0, COMMON_ATOM_INDEX(toString),
/*27*/  JSOP_CALL, 0, 0,
/*30*/  JSOP_GOTO, 0, 5,
/*33*/  JSOP_SWAP,
/*34*/  JSOP_POP,
/*35*/  JSOP_SWAP,
/*36*/  JSOP_DUP,
/*37*/  JSOP_DUP,
/*38*/  JSOP_GETPROP, 0, COMMON_ATOM_INDEX(valueOf),
/*41*/  JSOP_IFPRIMTOP, 0, 16,
/*44*/  JSOP_SWAP,
/*45*/  JSOP_STRING, 0, COMMON_TYPE_ATOM_INDEX(JSTYPE_NUMBER),
/*48*/  JSOP_CALL, 0, 1,
/*51*/  JSOP_IFPRIMTOP, 0, 17,
/*54*/  JSOP_GOTO, 0, 4,
/*57*/  JSOP_POP,
/*58*/  JSOP_POP,
/*59*/  JSOP_CALLPROP, 0, COMMON_ATOM_INDEX(toString),
/*62*/  JSOP_CALL, 0, 0,
/*65*/  JSOP_GOTO, 0, 5,
/*68*/  JSOP_SWAP,
/*69*/  JSOP_POP,
/*70*/  JSOP_IMACOP,
/*71*/  JSOP_STOP,
    },
};
static struct {
    jsbytecode any_obj[36];
    jsbytecode obj_any[38];
    jsbytecode obj_obj[72];
} add_imacros = {
    {
/* 0*/  JSOP_DUP,
/* 1*/  JSOP_DUP,
/* 2*/  JSOP_GETPROP, 0, COMMON_ATOM_INDEX(valueOf),
/* 5*/  JSOP_IFPRIMTOP, 0, 16,
/* 8*/  JSOP_SWAP,
/* 9*/  JSOP_STRING, 0, COMMON_TYPE_ATOM_INDEX(JSTYPE_VOID),
/*12*/  JSOP_CALL, 0, 1,
/*15*/  JSOP_IFPRIMTOP, 0, 17,
/*18*/  JSOP_GOTO, 0, 4,
/*21*/  JSOP_POP,
/*22*/  JSOP_POP,
/*23*/  JSOP_CALLPROP, 0, COMMON_ATOM_INDEX(toString),
/*26*/  JSOP_CALL, 0, 0,
/*29*/  JSOP_GOTO, 0, 5,
/*32*/  JSOP_SWAP,
/*33*/  JSOP_POP,
/*34*/  JSOP_ADD,
/*35*/  JSOP_STOP,
    },
    {
/* 0*/  JSOP_SWAP,
/* 1*/  JSOP_DUP,
/* 2*/  JSOP_DUP,
/* 3*/  JSOP_GETPROP, 0, COMMON_ATOM_INDEX(valueOf),
/* 6*/  JSOP_IFPRIMTOP, 0, 16,
/* 9*/  JSOP_SWAP,
/*10*/  JSOP_STRING, 0, COMMON_TYPE_ATOM_INDEX(JSTYPE_VOID),
/*13*/  JSOP_CALL, 0, 1,
/*16*/  JSOP_IFPRIMTOP, 0, 17,
/*19*/  JSOP_GOTO, 0, 4,
/*22*/  JSOP_POP,
/*23*/  JSOP_POP,
/*24*/  JSOP_CALLPROP, 0, COMMON_ATOM_INDEX(toString),
/*27*/  JSOP_CALL, 0, 0,
/*30*/  JSOP_GOTO, 0, 5,
/*33*/  JSOP_SWAP,
/*34*/  JSOP_POP,
/*35*/  JSOP_SWAP,
/*36*/  JSOP_ADD,
/*37*/  JSOP_STOP,
    },
    {
/* 0*/  JSOP_SWAP,
/* 1*/  JSOP_DUP,
/* 2*/  JSOP_DUP,
/* 3*/  JSOP_GETPROP, 0, COMMON_ATOM_INDEX(valueOf),
/* 6*/  JSOP_IFPRIMTOP, 0, 16,
/* 9*/  JSOP_SWAP,
/*10*/  JSOP_STRING, 0, COMMON_TYPE_ATOM_INDEX(JSTYPE_VOID),
/*13*/  JSOP_CALL, 0, 1,
/*16*/  JSOP_IFPRIMTOP, 0, 17,
/*19*/  JSOP_GOTO, 0, 4,
/*22*/  JSOP_POP,
/*23*/  JSOP_POP,
/*24*/  JSOP_CALLPROP, 0, COMMON_ATOM_INDEX(toString),
/*27*/  JSOP_CALL, 0, 0,
/*30*/  JSOP_GOTO, 0, 5,
/*33*/  JSOP_SWAP,
/*34*/  JSOP_POP,
/*35*/  JSOP_SWAP,
/*36*/  JSOP_DUP,
/*37*/  JSOP_DUP,
/*38*/  JSOP_GETPROP, 0, COMMON_ATOM_INDEX(valueOf),
/*41*/  JSOP_IFPRIMTOP, 0, 16,
/*44*/  JSOP_SWAP,
/*45*/  JSOP_STRING, 0, COMMON_TYPE_ATOM_INDEX(JSTYPE_VOID),
/*48*/  JSOP_CALL, 0, 1,
/*51*/  JSOP_IFPRIMTOP, 0, 17,
/*54*/  JSOP_GOTO, 0, 4,
/*57*/  JSOP_POP,
/*58*/  JSOP_POP,
/*59*/  JSOP_CALLPROP, 0, COMMON_ATOM_INDEX(toString),
/*62*/  JSOP_CALL, 0, 0,
/*65*/  JSOP_GOTO, 0, 5,
/*68*/  JSOP_SWAP,
/*69*/  JSOP_POP,
/*70*/  JSOP_ADD,
/*71*/  JSOP_STOP,
    },
};
uint8 js_opcode2extra[JSOP_LIMIT] = {
    0,  /* JSOP_INTERRUPT */
    0,  /* JSOP_PUSH */
    0,  /* JSOP_POPV */
    0,  /* JSOP_ENTERWITH */
    0,  /* JSOP_LEAVEWITH */
    0,  /* JSOP_RETURN */
    0,  /* JSOP_GOTO */
    0,  /* JSOP_IFEQ */
    0,  /* JSOP_IFNE */
    0,  /* JSOP_ARGUMENTS */
    0,  /* JSOP_FORARG */
    0,  /* JSOP_FORLOCAL */
    0,  /* JSOP_DUP */
    0,  /* JSOP_DUP2 */
    0,  /* JSOP_SETCONST */
    3,  /* JSOP_BITOR */
    3,  /* JSOP_BITXOR */
    3,  /* JSOP_BITAND */
    3,  /* JSOP_EQ */
    3,  /* JSOP_NE */
    3,  /* JSOP_LT */
    3,  /* JSOP_LE */
    3,  /* JSOP_GT */
    3,  /* JSOP_GE */
    3,  /* JSOP_LSH */
    3,  /* JSOP_RSH */
    3,  /* JSOP_URSH */
    3,  /* JSOP_ADD */
    3,  /* JSOP_SUB */
    3,  /* JSOP_MUL */
    3,  /* JSOP_DIV */
    3,  /* JSOP_MOD */
    0,  /* JSOP_NOT */
    0,  /* JSOP_BITNOT */
    0,  /* JSOP_NEG */
    0,  /* JSOP_NEW */
    0,  /* JSOP_DELNAME */
    0,  /* JSOP_DELPROP */
    0,  /* JSOP_DELELEM */
    0,  /* JSOP_TYPEOF */
    0,  /* JSOP_VOID */
    0,  /* JSOP_INCNAME */
    0,  /* JSOP_INCPROP */
    0,  /* JSOP_INCELEM */
    0,  /* JSOP_DECNAME */
    0,  /* JSOP_DECPROP */
    0,  /* JSOP_DECELEM */
    0,  /* JSOP_NAMEINC */
    0,  /* JSOP_PROPINC */
    0,  /* JSOP_ELEMINC */
    0,  /* JSOP_NAMEDEC */
    0,  /* JSOP_PROPDEC */
    0,  /* JSOP_ELEMDEC */
    0,  /* JSOP_GETPROP */
    0,  /* JSOP_SETPROP */
    0,  /* JSOP_GETELEM */
    0,  /* JSOP_SETELEM */
    0,  /* JSOP_CALLNAME */
    0,  /* JSOP_CALL */
    0,  /* JSOP_NAME */
    0,  /* JSOP_DOUBLE */
    0,  /* JSOP_STRING */
    0,  /* JSOP_ZERO */
    0,  /* JSOP_ONE */
    0,  /* JSOP_NULL */
    0,  /* JSOP_THIS */
    0,  /* JSOP_FALSE */
    0,  /* JSOP_TRUE */
    0,  /* JSOP_OR */
    0,  /* JSOP_AND */
    0,  /* JSOP_TABLESWITCH */
    0,  /* JSOP_LOOKUPSWITCH */
    0,  /* JSOP_STRICTEQ */
    0,  /* JSOP_STRICTNE */
    0,  /* JSOP_NULLTHIS */
    0,  /* JSOP_ITER */
    0,  /* JSOP_NEXTITER */
    0,  /* JSOP_ENDITER */
    0,  /* JSOP_APPLY */
    0,  /* JSOP_SWAP */
    0,  /* JSOP_OBJECT */
    0,  /* JSOP_POP */
    0,  /* JSOP_POS */
    0,  /* JSOP_TRAP */
    0,  /* JSOP_GETARG */
    0,  /* JSOP_SETARG */
    0,  /* JSOP_GETLOCAL */
    0,  /* JSOP_SETLOCAL */
    0,  /* JSOP_UINT16 */
    0,  /* JSOP_NEWINIT */
    0,  /* JSOP_ENDINIT */
    0,  /* JSOP_INITPROP */
    0,  /* JSOP_INITELEM */
    0,  /* JSOP_DEFSHARP */
    0,  /* JSOP_USESHARP */
    0,  /* JSOP_INCARG */
    0,  /* JSOP_DECARG */
    0,  /* JSOP_ARGINC */
    0,  /* JSOP_ARGDEC */
    0,  /* JSOP_INCLOCAL */
    0,  /* JSOP_DECLOCAL */
    0,  /* JSOP_LOCALINC */
    0,  /* JSOP_LOCALDEC */
    0,  /* JSOP_IMACOP */
    0,  /* JSOP_FORNAME */
    0,  /* JSOP_FORPROP */
    0,  /* JSOP_FORELEM */
    0,  /* JSOP_POPN */
    0,  /* JSOP_BINDNAME */
    0,  /* JSOP_SETNAME */
    0,  /* JSOP_THROW */
    0,  /* JSOP_IN */
    0,  /* JSOP_INSTANCEOF */
    0,  /* JSOP_DEBUGGER */
    0,  /* JSOP_GOSUB */
    0,  /* JSOP_RETSUB */
    0,  /* JSOP_EXCEPTION */
    0,  /* JSOP_LINENO */
    0,  /* JSOP_CONDSWITCH */
    0,  /* JSOP_CASE */
    0,  /* JSOP_DEFAULT */
    0,  /* JSOP_EVAL */
    0,  /* JSOP_ENUMELEM */
    0,  /* JSOP_GETTER */
    0,  /* JSOP_SETTER */
    0,  /* JSOP_DEFFUN */
    0,  /* JSOP_DEFCONST */
    0,  /* JSOP_DEFVAR */
    0,  /* JSOP_ANONFUNOBJ */
    0,  /* JSOP_NAMEDFUNOBJ */
    0,  /* JSOP_SETLOCALPOP */
    0,  /* JSOP_IFPRIMTOP */
    0,  /* JSOP_SETCALL */
    0,  /* JSOP_TRY */
    0,  /* JSOP_FINALLY */
    0,  /* JSOP_NOP */
    0,  /* JSOP_ARGSUB */
    0,  /* JSOP_ARGCNT */
    0,  /* JSOP_DEFLOCALFUN */
    0,  /* JSOP_GOTOX */
    0,  /* JSOP_IFEQX */
    0,  /* JSOP_IFNEX */
    0,  /* JSOP_ORX */
    0,  /* JSOP_ANDX */
    0,  /* JSOP_GOSUBX */
    0,  /* JSOP_CASEX */
    0,  /* JSOP_DEFAULTX */
    0,  /* JSOP_TABLESWITCHX */
    0,  /* JSOP_LOOKUPSWITCHX */
    0,  /* JSOP_BACKPATCH */
    0,  /* JSOP_BACKPATCH_POP */
    0,  /* JSOP_THROWING */
    0,  /* JSOP_SETRVAL */
    0,  /* JSOP_RETRVAL */
    0,  /* JSOP_GETGVAR */
    0,  /* JSOP_SETGVAR */
    0,  /* JSOP_INCGVAR */
    0,  /* JSOP_DECGVAR */
    0,  /* JSOP_GVARINC */
    0,  /* JSOP_GVARDEC */
    0,  /* JSOP_REGEXP */
    0,  /* JSOP_DEFXMLNS */
    0,  /* JSOP_ANYNAME */
    0,  /* JSOP_QNAMEPART */
    0,  /* JSOP_QNAMECONST */
    0,  /* JSOP_QNAME */
    0,  /* JSOP_TOATTRNAME */
    0,  /* JSOP_TOATTRVAL */
    0,  /* JSOP_ADDATTRNAME */
    0,  /* JSOP_ADDATTRVAL */
    0,  /* JSOP_BINDXMLNAME */
    0,  /* JSOP_SETXMLNAME */
    0,  /* JSOP_XMLNAME */
    0,  /* JSOP_DESCENDANTS */
    0,  /* JSOP_FILTER */
    0,  /* JSOP_ENDFILTER */
    0,  /* JSOP_TOXML */
    0,  /* JSOP_TOXMLLIST */
    0,  /* JSOP_XMLTAGEXPR */
    0,  /* JSOP_XMLELTEXPR */
    0,  /* JSOP_XMLOBJECT */
    0,  /* JSOP_XMLCDATA */
    0,  /* JSOP_XMLCOMMENT */
    0,  /* JSOP_XMLPI */
    0,  /* JSOP_CALLPROP */
    0,  /* JSOP_GETFUNNS */
    0,  /* JSOP_GETUPVAR */
    0,  /* JSOP_DELDESC */
    0,  /* JSOP_UINT24 */
    0,  /* JSOP_INDEXBASE */
    0,  /* JSOP_RESETBASE */
    0,  /* JSOP_RESETBASE0 */
    0,  /* JSOP_STARTXML */
    0,  /* JSOP_STARTXMLEXPR */
    0,  /* JSOP_CALLELEM */
    0,  /* JSOP_STOP */
    0,  /* JSOP_GETXPROP */
    0,  /* JSOP_CALLXMLNAME */
    0,  /* JSOP_TYPEOFEXPR */
    0,  /* JSOP_ENTERBLOCK */
    0,  /* JSOP_LEAVEBLOCK */
    0,  /* JSOP_UNUSED201 */
    0,  /* JSOP_UNUSED202 */
    0,  /* JSOP_UNUSED203 */
    0,  /* JSOP_UNUSED204 */
    0,  /* JSOP_UNUSED205 */
    0,  /* JSOP_UNUSED206 */
    0,  /* JSOP_UNUSED207 */
    0,  /* JSOP_UNUSED208 */
    0,  /* JSOP_UNUSED209 */
    0,  /* JSOP_GENERATOR */
    0,  /* JSOP_YIELD */
    0,  /* JSOP_ARRAYPUSH */
    0,  /* JSOP_CALLUPVAR */
    0,  /* JSOP_ENUMCONSTELEM */
    0,  /* JSOP_LEAVEBLOCKEXPR */
    0,  /* JSOP_GETTHISPROP */
    0,  /* JSOP_GETARGPROP */
    0,  /* JSOP_GETLOCALPROP */
    0,  /* JSOP_UNUSED219 */
    0,  /* JSOP_INDEXBASE1 */
    0,  /* JSOP_INDEXBASE2 */
    0,  /* JSOP_INDEXBASE3 */
    0,  /* JSOP_CALLGVAR */
    0,  /* JSOP_CALLLOCAL */
    0,  /* JSOP_CALLARG */
    0,  /* JSOP_UNUSED226 */
    0,  /* JSOP_INT8 */
    0,  /* JSOP_INT32 */
    0,  /* JSOP_LENGTH */
    0,  /* JSOP_NEWARRAY */
    0,  /* JSOP_HOLE */
};
