#idl dir
nsCDefaultURIFixup
nsCDocShell
nsCExternalHandlerService
nsCURILoader
nsCWebBrowser
nsCWebBrowserPersist
nsIAbAddressCollecter
nsIAbAutoCompleteSession
nsIAbBase
nsIAbBooleanExpression
nsIAbCard
nsIAbDirectory
nsIAbDirectoryQuery
nsIAbDirectoryQueryProxy
nsIAbDirectorySearch
nsIAbDirFactory
nsIAbDirFactoryService
nsIAbLDAPAutoCompFormatter
nsIAbLDAPReplicationData
nsIAbLDAPReplicationQuery
nsIAbLDAPReplicationService
nsIAbListener
nsIAbMDBCard
nsIAbMDBDirectory
nsIAboutModule
nsIAbUpgrader
nsIAbView
nsIAccessibilityService
nsIAccessible
nsIAccessibleAction
nsIAccessibleCaret
nsIAccessibleDocument
nsIAccessibleEditableText
nsIAccessibleEventListener
nsIAccessibleEventReceiver
nsIAccessibleHyperLink
nsIAccessibleHyperText
nsIAccessibleProvider
nsIAccessibleSelectable
nsIAccessibleTable
nsIAccessibleText
nsIAccessibleValue
nsIAccessibleWin32Object
nsIAddbookUrl
nsIAddrBookSession
nsIAddrDatabase
nsIAddrDBAnnouncer
nsIAddrDBListener
nsIAddressBook
nsIAggregatePrincipal
nsIAppShell
nsIAppShellService
nsIArray
nsIASN1Object
nsIASN1PrintableItem
nsIASN1Sequence
nsIASN1Tree
nsIAsyncInputStream
nsIAsyncOutputStream
nsIAsyncStreamCopier
nsIAtom
nsIAtomService
nsIAuthPrompt
nsIAuthPromptWrapper
nsIAutoCompleteListener
nsIAutoCompleteResults
nsIAutoCompleteSession
nsIAutoConfig
nsIBadCertListener
nsIBaseWindow
nsIBidiKeyboard
nsIBinaryInputStream
nsIBinaryOutputStream
nsIBookmarksService
nsIBoxLayoutManager
nsIBoxObject
nsIBoxPaintManager
nsIBrowserBoxObject
nsIBrowserHistory
nsIBrowserInstance
nsIBufEntropyCollector
nsIBufferedStreams
nsIByteArrayInputStream
nsIByteRangeRequest
nsICache
nsICacheEntryDescriptor
nsICacheListener
nsICacheService
nsICacheSession
nsICacheVisitor
nsICachingChannel
nsICategoryManager
nsICertificateDialogs
nsICertificatePrincipal
nsICertPickDialogs
nsICertSelect
nsICertTree
nsIChannel
nsICharsetConverterManager2
nsIChromeEventHandler
nsIChromeRegistry
nsICipherInfo
nsICiter
nsIClassicPluginFactory
nsIClassInfo
nsIClientAuthDialogs
nsIClipboard
nsIClipboardCommands
nsIClipboardHelper
nsIClipboardOwner
nsICloseAllWindows
nsICmdLineHandler
nsICmdLineService
nsICMSDecoder
nsICMSEncoder
nsICMSMessage
nsICMSMessageErrors
nsICMSSecureMessage
nsICodebasePrincipal
nsICollection
nsIComm4xProfile
nsICommandHandler
nsICommandManager
nsICommandParams
nsIComponentLoader
nsIComponentLoaderManager
nsIComponentManager
nsIComponentManagerObsolete
nsIComponentRegistrar
nsIConsoleListener
nsIConsoleMessage
nsIConsoleService
nsIContentHandler
nsIContentPolicy
nsIContentViewer
nsIContentViewerContainer
nsIContentViewerEdit
nsIContentViewerFile
nsIContextMenuListener
nsIContextMenuListener2
nsIController
nsIControllerCommand
nsIControllerCommandManager
nsIControllerContext
nsIControllers
nsICookie
nsICookieAcceptDialog
nsICookieConsent
nsICookieManager
nsICookieManager2
nsICookiePromptService
nsICookieService
nsICookieStorage
nsICopyMessageListener
nsICopyMsgStreamListener
nsICRLInfo
nsICRLManager
nsICurrentCharsetListener
nsIDataChannel
nsIDBChangeAnnouncer
nsIDBChangeListener
nsIDBFolderInfo
nsIDialogParamBlock
nsIDictionary
nsIDirectoryListing
nsIDirectoryService
nsIDirIndex
nsIDirIndexListener
nsIDNSListener
nsIDNSService
nsIDocCharset
nsIDocShell
nsIDocShellHistory
nsIDocShellLoadInfo
nsIDocShellTreeItem
nsIDocShellTreeNode
nsIDocShellTreeOwner
nsIDocumentCharsetInfo
nsIDocumentLoader
nsIDocumentLoaderFactory
nsIDocumentStateListener
nsIDOM3DocumentEvent
nsIDOM3EventTarget
nsIDOM3Node
nsIDOMAbstractView
nsIDOMAttr
nsIDOMBarProp
nsIDOMCDATASection
nsIDOMCharacterData
nsIDOMChromeWindow
nsIDOMComment
nsIDOMCounter
nsIDOMCRMFObject
nsIDOMCrypto
nsIDOMCryptoDialogs
nsIDOMCSS2Properties
nsIDOMCSSCharsetRule
nsIDOMCSSFontFaceRule
nsIDOMCSSImportRule
nsIDOMCSSMediaRule
nsIDOMCSSPageRule
nsIDOMCSSPrimitiveValue
nsIDOMCSSRule
nsIDOMCSSRuleList
nsIDOMCSSStyleDeclaration
nsIDOMCSSStyleRule
nsIDOMCSSStyleSheet
nsIDOMCSSUnknownRule
nsIDOMCSSValue
nsIDOMCSSValueList
nsIDOMDocument
nsIDOMDocumentCSS
nsIDOMDocumentEvent
nsIDOMDocumentFragment
nsIDOMDocumentRange
nsIDOMDocumentStyle
nsIDOMDocumentTraversal
nsIDOMDocumentType
nsIDOMDocumentView
nsIDOMDocumentXBL
nsIDOMDOMException
nsIDOMDOMImplementation
nsIDOMElement
nsIDOMElementCSSInlineStyle
nsIDOMEntity
nsIDOMEntityReference
nsIDOMEvent
nsIDOMEventGroup
nsIDOMEventListener
nsIDOMEventTarget
nsIDOMHistory
nsIDOMHTMLAnchorElement
nsIDOMHTMLAppletElement
nsIDOMHTMLAreaElement
nsIDOMHTMLBaseElement
nsIDOMHTMLBaseFontElement
nsIDOMHTMLBodyElement
nsIDOMHTMLBRElement
nsIDOMHTMLButtonElement
nsIDOMHTMLCollection
nsIDOMHTMLDirectoryElement
nsIDOMHTMLDivElement
nsIDOMHTMLDListElement
nsIDOMHTMLDocument
nsIDOMHTMLElement
nsIDOMHTMLEmbedElement
nsIDOMHTMLFieldSetElement
nsIDOMHTMLFontElement
nsIDOMHTMLFormElement
nsIDOMHTMLFrameElement
nsIDOMHTMLFrameSetElement
nsIDOMHTMLHeadElement
nsIDOMHTMLHeadingElement
nsIDOMHTMLHRElement
nsIDOMHTMLHtmlElement
nsIDOMHTMLIFrameElement
nsIDOMHTMLImageElement
nsIDOMHTMLInputElement
nsIDOMHTMLIsIndexElement
nsIDOMHTMLLabelElement
nsIDOMHTMLLegendElement
nsIDOMHTMLLIElement
nsIDOMHTMLLinkElement
nsIDOMHTMLMapElement
nsIDOMHTMLMenuElement
nsIDOMHTMLMetaElement
nsIDOMHTMLModElement
nsIDOMHTMLObjectElement
nsIDOMHTMLOListElement
nsIDOMHTMLOptGroupElement
nsIDOMHTMLOptionElement
nsIDOMHTMLParagraphElement
nsIDOMHTMLParamElement
nsIDOMHTMLPreElement
nsIDOMHTMLQuoteElement
nsIDOMHTMLScriptElement
nsIDOMHTMLSelectElement
nsIDOMHTMLStyleElement
nsIDOMHTMLTableCaptionElem
nsIDOMHTMLTableCellElement
nsIDOMHTMLTableColElement
nsIDOMHTMLTableElement
nsIDOMHTMLTableRowElement
nsIDOMHTMLTableSectionElem
nsIDOMHTMLTextAreaElement
nsIDOMHTMLTitleElement
nsIDOMHTMLUListElement
nsIDOMJSWindow
nsIDOMKeyEvent
nsIDOMLinkStyle
nsIDOMLocation
nsIDOMMediaList
nsIDOMMimeType
nsIDOMMimeTypeArray
nsIDOMMouseEvent
nsIDOMMutationEvent
nsIDOMNamedNodeMap
nsIDOMNavigator
nsIDOMNode
nsIDOMNodeFilter
nsIDOMNodeIterator
nsIDOMNodeList
nsIDOMNotation
nsIDOMNSDocument
nsIDOMNSEvent
nsIDOMNSHistory
nsIDOMNSHTMLAnchorElement
nsIDOMNSHTMLAreaElement
nsIDOMNSHTMLButtonElement
nsIDOMNSHTMLDocument
nsIDOMNSHTMLElement
nsIDOMNSHTMLFormControlList
nsIDOMNSHTMLFormElement
nsIDOMNSHTMLFrameElement
nsIDOMNSHTMLImageElement
nsIDOMNSHTMLInputElement
nsIDOMNSHTMLOptionCollectn
nsIDOMNSHTMLSelectElement
nsIDOMNSHTMLTextAreaElement
nsIDOMNSLocation
nsIDOMNSRange
nsIDOMNSUIEvent
nsIDOMNSXBLFormControl
nsIDOMParser
nsIDOMPkcs11
nsIDOMPlugin
nsIDOMPluginArray
nsIDOMProcessingInstruction
nsIDOMRange
nsIDOMRangeException
nsIDOMRect
nsIDOMRGBColor
nsIDOMScreen
nsIDOMSerializer
nsIDOMStyleSheet
nsIDOMStyleSheetList
nsIDOMText
nsIDOMTreeWalker
nsIDOMUIEvent
nsIDOMViewCSS
nsIDOMWindow
nsIDOMWindowCollection
nsIDOMWindowInternal
nsIDOMXMLDocument
nsIDOMXPathEvaluator
nsIDOMXPathException
nsIDOMXPathExpression
nsIDOMXPathNamespace
nsIDOMXPathNSResolver
nsIDOMXPathResult
nsIDOMXULButtonElement
nsIDOMXULCheckboxElement
nsIDOMXULCommandDispatcher
nsIDOMXULControlElement
nsIDOMXULDescriptionElement
nsIDOMXULDocument
nsIDOMXULElement
nsIDOMXULImageElement
nsIDOMXULLabeledControlEl
nsIDOMXULLabelElement
nsIDOMXULMenuListElement
nsIDOMXULMultSelectCntrlEl
nsIDOMXULPopupElement
nsIDOMXULSelectCntrlEl
nsIDOMXULSelectCntrlItemEl
nsIDownload
nsIDownloader
nsIDownloadManager
nsIDownloadProgressListener
nsIDragDropHandler
nsIDragDropOverride
nsIDragService
nsIDragSession
nsIDragTracker
nsIEditActionListener
nsIEditingSession
nsIEditor
nsIEditorBoxObject
nsIEditorDocShell
nsIEditorIMESupport
nsIEditorLogging
nsIEditorMailSupport
nsIEditorObserver
nsIEditorSpellCheck
nsIEditorStyleSheets
nsIEmbeddingSiteWindow
nsIEmbeddingSiteWindow2
nsIEncodedChannel
nsIEncryptedSMIMEURIsSrvc
nsIEntityConverter
nsIEntropyCollector
nsIEnumerator
nsIErrorService
nsIEvaluateStringProxy
nsIEventHandler
nsIEventQueue
nsIEventQueueService
nsIException
nsIExceptionService
nsIExpatSink
nsIExternalHelperAppService
nsIExternalProtocolHandler
nsIExternalProtocolService
nsIFactory
nsIFastLoadFileControl
nsIFastLoadService
nsIFile
nsIFileChannel
nsIFilePicker
nsIFileProtocolHandler
nsIFileSpec
nsIFileStreams
nsIFileURL
nsIFileUtilities
nsIFind
nsIFindService
nsIFolder
nsIFolderListener
nsIFontCatalogService
nsIFontEnumerator
nsIFontList
nsIFontPackageHandler
nsIFontPackageProxy
nsIFontPackageService
nsIFormatConverter
nsIFreeType2
nsIFTPChannel
nsIFullScreen
nsIGenKeypairInfoDlg
nsIGlobalHistory
nsIGraphics
nsIHash
nsIHelperAppLauncherDialog
nsIHistoryEntry
nsIHTMLEditor
nsIHTMLObjectResizer
nsIHttpAuthenticator
nsIHttpChannel
nsIHttpChannelInternal
nsIHttpEventSink
nsIHTTPHeaderListener
nsIHttpHeaderVisitor
nsIHTTPIndex
nsIHttpNotify
nsIHttpProtocolHandler
nsIIconURI
nsIIDNService
nsIIFrameBoxObject
nsIImageDocument
nsIImapFlagAndUidState
nsIImapHeaderXferInfo
nsIImapIncomingServer
nsIImapMailFolderSink
nsIImapMessageSink
nsIImapMockChannel
nsIImapProtocol
nsIImapServerSink
nsIImapService
nsIImapUrl
nsIImgManager
nsIImportABDescriptor
nsIImportAddressBooks
nsIImportFieldMap
nsIImportGeneric
nsIImportMail
nsIImportMailboxDescriptor
nsIImportMimeEncode
nsIImportModule
nsIImportService
nsIImportSettings
nsIIncomingServerListener
nsIInputStream
nsIInputStreamChannel
nsIInputStreamPump
nsIInputStreamTee
nsIInterfaceInfo
nsIInterfaceInfoManager
nsIInterfaceRequestor
nsIIOService
nsIJAR
nsIJARChannel
nsIJARProtocolHandler
nsIJARURI
nsIJRILiveConnectPIPeer
nsIJRILiveConnectPlugin
nsIJSConsoleService
nsIJSContextStack
nsIJSRuntimeService
nsIKeyedStreamGenerator
nsIKeygenThread
nsILanguageAtom
nsILanguageAtomService
nsILDAPAutoCompFormatter
nsILDAPAutoCompleteSession
nsILDAPBERValue
nsILDAPConnection
nsILDAPErrors
nsILDAPMessage
nsILDAPMessageListener
nsILDAPOperation
nsILDAPPrefsService
nsILDAPServer
nsILDAPService
nsILDAPSyncQuery
nsILDAPURL
nsILineInputStream
nsIListBoxObject
nsILoadGroup
nsILocale
nsILocaleService
nsILocalFile
nsILocalMailIncomingServer
nsIMailboxService
nsIMailboxSpec
nsIMailboxUrl
nsIMarkupDocumentViewer
nsIMemory
nsIMenuBoxObject
nsIMenuRollup
nsIMessenger
nsIMessengerMigrator
nsIMessengerOSIntegration
nsIMessengerWindowService
nsIMimeEmitter
nsIMimeHeaders
nsIMIMEInfo
nsIMIMEInputStream
nsIMimeMiscStatus
nsIMIMEService
nsIMimeStreamConverter
nsIModule
nsIMsgAccount
nsIMsgAccountManager
nsIMsgAttachment
nsIMsgBiffManager
nsIMsgCompFields
nsIMsgCompose
nsIMsgComposeParams
nsIMsgComposeProgressParams
nsIMsgComposeSecure
nsIMsgComposeService
nsIMsgCompUtils
nsIMsgCopyService
nsIMsgCopyServiceListener
nsIMsgDatabase
nsIMsgDBView
nsIMsgDraft
nsIMsgFilter
nsIMsgFilterHitNotify
nsIMsgFilterList
nsIMsgFilterPlugin
nsIMsgFilterService
nsIMsgFolder
nsIMsgFolderCache
nsIMsgFolderCacheElement
nsIMsgFolderCompactor
nsIMsgGroupRecord
nsIMsgHdr
nsIMsgHeaderParser
nsIMsgHost
nsIMsgIdentity
nsIMsgImapMailFolder
nsIMsgIncomingServer
nsIMsgLocalMailFolder
nsIMsgLogonRedirector
nsIMsgMailNewsUrl
nsIMsgMailSession
nsIMsgMailView
nsIMsgMailViewList
nsIMsgMdnGenerator
nsIMsgMessageService
nsIMsgNewsFolder
nsIMsgOfflineImapOperation
nsIMsgOfflineManager
nsIMsgOfflineNewsState
nsIMsgParseMailMsgState
nsIMsgPrintEngine
nsIMsgProgress
nsIMsgProtocolInfo
nsIMsgPurgeService
nsIMsgQuote
nsIMsgRDFDataSource
nsIMsgRecipientArray
nsIMsgSearchAdapter
nsIMsgSearchNotify
nsIMsgSearchScopeTerm
nsIMsgSearchSession
nsIMsgSearchTerm
nsIMsgSearchValidityManager
nsIMsgSearchValidityTable
nsIMsgSearchValue
nsIMsgSend
nsIMsgSendLater
nsIMsgSendLaterListener
nsIMsgSendListener
nsIMsgSendReport
nsIMsgSignature
nsIMsgSMIMECompFields
nsIMsgSMIMEHeaderSink
nsIMsgStatusFeedback
nsIMsgStringService
nsIMsgThread
nsIMsgVCard
nsIMsgWindow
nsIMultiPartChannel
nsIMultiplexInputStream
nsINativeAppSupport
nsINativeComponentLoader
nsINativeScrollbar
nsINetModRegEntry
nsINetModuleMgr
nsINetNotify
nsINewsDatabase
nsINewsDownloadDialogArgs
nsINNTPArticleList
nsINntpIncomingServer
nsINNTPNewsgroupList
nsINNTPNewsgroupPost
nsINNTPProtocol
nsINntpService
nsINntpUrl
nsINoIncomingServer
nsINoneService
nsINSSCertCache
nsIObjectInputStream
nsIObjectOutputStream
nsIObserver
nsIObserverService
nsIOCSPResponder
nsIOutputStream
nsIPassword
nsIPasswordManager
nsIPasswordManagerInternal
nsIPasswordSink
nsIPermission
nsIPermissionManager
nsIPersistentProperties2
nsIPhonetic
nsIPipe
nsIPK11Token
nsIPK11TokenDB
nsIPKCS11Module
nsIPKCS11ModuleDB
nsIPKCS11Slot
nsIPKIParamBlock
nsIPlaintextEditor
nsIPlugin
nsIPluginHost
nsIPluginInputStream
nsIPluginInstance
nsIPluginInstanceOwner
nsIPluginInstancePeer
nsIPluginInstancePeer2
nsIPluginManager
nsIPluginManager2
nsIPluginStreamInfo
nsIPluginStreamListener
nsIPluginTagInfo
nsIPluginTagInfo2
nsIPluginViewer
nsIPop3IncomingServer
nsIPop3Service
nsIPop3Sink
nsIPop3URL
nsIPopupBoxObject
nsIPopupWindowManager
nsIPref
nsIPrefBranch
nsIPrefBranchInternal
nsIPrefetchService
nsIPrefLocalizedString
nsIPrefMigration
nsIPrefMigrationProgress
nsIPrefService
nsIPrincipal
nsIPrintingPrompt
nsIPrintingPromptService
nsIPrintOptions
nsIPrintProgress
nsIPrintProgressParams
nsIPrintSession
nsIPrintSettings
nsIPrintSettingsService
nsIPrintStatusFeedback
nsIProcess
nsIProfile
nsIProfileChangeStatus
nsIProfileInternal
nsIProfileStartupListener
nsIProgrammingLanguage
nsIProgressDialog
nsIProgressEventSink
nsIPrompt
nsIPromptService
nsIProperties
nsIPropertyBag
nsIProtocolHandler
nsIProtocolProxyService
nsIProxiedProtocolHandler
nsIProxy
nsIProxyAutoConfig
nsIProxyCreateInstance
nsIProxyInfo
nsIProxyObjectManager
nsIRDFCompositeDataSource
nsIRDFContainer
nsIRDFContainerUtils
nsIRDFDataSource
nsIRDFDelegateFactory
nsIRDFInMemoryDataSource
nsIRDFLiteral
nsIRDFNode
nsIRDFObserver
nsIRDFPurgeableDataSource
nsIRDFRemoteDataSource
nsIRDFResource
nsIRDFService
nsIRDFXMLParser
nsIRDFXMLSerializer
nsIRDFXMLSink
nsIRDFXMLSource
nsIReadConfig
nsIRecyclingAllocator
nsIRefreshURI
nsIRegistry
nsIRelatedLinksHandler
nsIRelativeFilePref
nsIRequest
nsIRequestObserver
nsIRequestObserverProxy
nsIResProtocolHandler
nsIResumableChannel
nsIResumableEntityID
nsIRollupListener
nsIRunnable
nsISample
nsISaveAsCharset
nsISchema
nsISchemaLoader
nsIScreen
nsIScreenManager
nsIScriptableDateFormat
nsIScriptableInputStream
nsIScriptableInterfaces
nsIScriptablePlugin
nsIScriptableRegion
nsIScriptableUConv
nsIScriptContextOwner
nsIScriptError
nsIScriptEventHandler
nsIScriptEventManager
nsIScriptGlobalObjectOwner
nsIScriptLoader
nsIScriptLoaderObserver
nsIScriptSecurityManager
nsIScrollable
nsIScrollBoxObject
nsISearchContext
nsISearchService
nsISecretDecoderRing
nsISecureBrowserUI
nsISecurityCheckedComponent
nsISecurityEventSink
nsISecurityPref
nsISecurityWarningDialogs
nsISeekableStream
nsISelectElement
nsISelection
nsISelectionController
nsISelectionDisplay
nsISelectionImageService
nsISelectionListener
nsISelectionPrivate
nsISemanticUnitScanner
nsISerializable
nsIServiceManager
nsISHContainer
nsISHEntry
nsISHistory
nsISHistoryInternal
nsISHistoryListener
nsISHTransaction
nsISidebar
nsISignatureVerifier
nsISignonViewer
nsISimpleEnumerator
nsISimpleStreamListener
nsISMimeCert
nsISMimeJSHelper
nsISmtpServer
nsISmtpService
nsISmtpUrl
nsISOAPAttachments
nsISOAPBlock
nsISOAPCall
nsISOAPCallCompletion
nsISOAPDecoder
nsISOAPEncoder
nsISOAPEncoding
nsISOAPFault
nsISOAPHeaderBlock
nsISOAPMessage
nsISOAPParameter
nsISOAPPropertyBagMutator
nsISOAPResponse
nsISOAPResponseListener
nsISOAPService
nsISOAPServiceRegistry
nsISOAPTransport
nsISOAPTransportListener
nsISocketProvider
nsISocketProviderService
nsISocketTransport
nsISocketTransportService
nsISOCKS4SocketInfo
nsISOCKS4SocketProvider
nsISOCKSSocketInfo
nsISOCKSSocketProvider
nsISound
nsISpamSettings
nsISSLSocketControl
nsISSLSocketProvider
nsISSLStatus
nsISSLStatusProvider
nsIStandardURL
nsIStorageStream
nsIStreamBufferAccess
nsIStreamConverter
nsIStreamConverterService
nsIStreamListener
nsIStreamListenerProxy
nsIStreamListenerTee
nsIStreamLoader
nsIStreamTransportService
nsIStringBundle
nsIStringBundleOverride
nsIStringService
nsIStringStream
nsISubscribableServer
nsISupports
nsISupportsArray
nsISupportsIterators
nsISupportsPrimitives
nsISyncLoadDOMService
nsITableEditor
nsITestProxy
nsITextAreaElement
nsITextScroll
nsITextServicesFilter
nsITextToSubURI
nsIThread
nsIThreadPool
nsITimeBomb
nsITimelineService
nsITimer
nsITimeRecorder
nsITimerInternal
nsITimerManager
nsITimingService
nsITokenDialogs
nsITokenPasswordDialogs
nsIToolkit
nsITooltipListener
nsITooltipTextProvider
nsITransaction
nsITransactionList
nsITransactionListener
nsITransactionManager
nsITransferable
nsITransport
nsITransportSecurityInfo
nsITreeBoxObject
nsITreeContentView
nsITreeSelection
nsITreeView
nsITXTToHTMLConv
nsITypeAheadFind
nsIUnicharStreamLoader
nsIUnicodeNormalizer
nsIUploadChannel
nsIURI
nsIURIChecker
nsIURIContentListener
nsIURIFixup
nsIURILoader
nsIURIRefObject
nsIURL
nsIUrlbarHistory
nsIURLFetcher
nsIUrlListener
nsIUrlListenerManager
nsIURLParser
nsIUserCertPicker
nsIUserInfo
nsIVariant
nsIViewSourceChannel
nsIWalletEditor
nsIWalletPreview
nsIWalletService
nsIWeakReference
nsIWebBrowser
nsIWebBrowserChrome
nsIWebBrowserChromeFocus
nsIWebBrowserFind
nsIWebBrowserFocus
nsIWebBrowserPersist
nsIWebBrowserPrint
nsIWebBrowserSetup
nsIWebNavigation
nsIWebPageDescriptor
nsIWebProgress
nsIWebProgressListener
nsIWindowCreator
nsIWindowCreator2
nsIWindowDataSource
nsIWindowlessPlugInstPeer
nsIWindowMediator
nsIWindowMediatorListener
nsIWindowWatcher
nsIWyciwygChannel
nsIX509Cert
nsIX509CertDB
nsIX509CertValidity
nsIXMLHttpRequest
nsIXmlRpcClient
nsIXmlRpcClientListener
nsIXPConnect
nsIXPCScriptable
nsIXPCScriptNotify
nsIXPCSecurityManager
nsIXPIDialogService
nsIXPINotifier
nsIXPIProgressDialog
nsIXPTLoader
nsIXRemoteClient
nsIXSLTException
nsIXSLTProcessor
nsIXSLTProcessorObsolete
nsIXULBrowserWindow
nsIXULSortService
nsIXULTemplateBuilder
nsIXULWindow
nsIZipReader
#
# oji *.h
nsIJRIPlugin
nsIJVMConsole
nsIJVMManager
nsIJVMPlugin
nsIJVMPluginInstance
nsIJVMPluginTagInfo
nsIJVMPrefsWindow
nsIJVMWindow
nsILiveConnectManager
nsISecureEnv
nsISymantecDebugger
nsISymantecDebugManager
nsIreadManager
nsjvm
nsJVMManager
nsJVMManager NS_JVMMANAGER_CID kJVMManagerCID
nsJVMPluginTagInfo
#
# liveconnect *.h
nsILiveconnect
nsISecureLiveconnect
nsISecurityContext
#
# added
nsIShutdownListener
nsIServiceManagerObsolete NS_ISERVICEMANAGER_OBSOLETE_IID
nsIJVMThreadManager
#
# private
FlashIObject7 FLASH_IOBJECT7_IID
FlashIScriptablePlugin7 FLASH_ISCRIPTABLEPLUGIN7_IID
nsIFlash5

